[debug] [2021-03-20T17:21:28.280Z] ----------------------------------------------------------------------
[debug] [2021-03-20T17:21:28.282Z] Command:       C:\Program Files\nodejs\node.exe C:\Users\a\AppData\Roaming\npm\node_modules\firebase-tools\lib\bin\firebase.js --debug login
[debug] [2021-03-20T17:21:28.282Z] CLI Version:   9.6.1
[debug] [2021-03-20T17:21:28.282Z] Platform:      win32
[debug] [2021-03-20T17:21:28.282Z] Node Version:  v14.15.3
[debug] [2021-03-20T17:21:28.283Z] Time:          Sat Mar 20 2021 23:21:28 GMT+0600 (Bangladesh Standard Time)
[debug] [2021-03-20T17:21:28.283Z] ----------------------------------------------------------------------
[debug] [2021-03-20T17:21:28.283Z] 
[info] i  Firebase optionally collects CLI usage and error reporting information to help improve our products. Data is collected in accordance with Google's privacy policy (https://policies.google.com/privacy) and is not used to identify you.
 
[info] i  To change your data collection preference at any time, run `firebase logout` and log in again. 
[info] 
[info] Visit this URL on this device to log in:
[info] https://accounts.google.com/o/oauth2/auth?client_id=563584335869-fgrhgmd47bqnekij5i8b5pr03ho849e6.apps.googleusercontent.com&scope=email%20openid%20https%3A%2F%2Fwww.googleapis.com%2Fauth%2Fcloudplatformprojects.readonly%20https%3A%2F%2Fwww.googleapis.com%2Fauth%2Ffirebase%20https%3A%2F%2Fwww.googleapis.com%2Fauth%2Fcloud-platform&response_type=code&state=395656635&redirect_uri=http%3A%2F%2Flocalhost%3A9005
[info] 
[info] Waiting for authentication...
[debug] [2021-03-20T17:21:51.857Z] Error: spawn cmd ENOENT
    at Process.ChildProcess._handle.onexit (internal/child_process.js:269:19)
    at onErrorNT (internal/child_process.js:465:16)
    at processTicksAndRejections (internal/process/task_queues.js:80:21)
[error] 
[error] Error: An unexpected error has occurred.
[debug] [2021-03-20T17:25:17.595Z] ----------------------------------------------------------------------
[debug] [2021-03-20T17:25:17.597Z] Command:       C:\Program Files\nodejs\node.exe C:\Users\a\AppData\Roaming\npm\node_modules\firebase-tools\lib\bin\firebase.js login
[debug] [2021-03-20T17:25:17.597Z] CLI Version:   9.6.1
[debug] [2021-03-20T17:25:17.597Z] Platform:      win32
[debug] [2021-03-20T17:25:17.597Z] Node Version:  v14.15.3
[debug] [2021-03-20T17:25:17.598Z] Time:          Sat Mar 20 2021 23:25:17 GMT+0600 (Bangladesh Standard Time)
[debug] [2021-03-20T17:25:17.598Z] ----------------------------------------------------------------------
[debug] [2021-03-20T17:25:17.598Z] 
[info] i  Firebase optionally collects CLI usage and error reporting information to help improve our products. Data is collected in accordance with Google's privacy policy (https://policies.google.com/privacy) and is not used to identify you.
 
[info] i  To change your data collection preference at any time, run `firebase logout` and log in again. 
[info] 
[info] Visit this URL on this device to log in:
[info] https://accounts.google.com/o/oauth2/auth?client_id=563584335869-fgrhgmd47bqnekij5i8b5pr03ho849e6.apps.googleusercontent.com&scope=email%20openid%20https%3A%2F%2Fwww.googleapis.com%2Fauth%2Fcloudplatformprojects.readonly%20https%3A%2F%2Fwww.googleapis.com%2Fauth%2Ffirebase%20https%3A%2F%2Fwww.googleapis.com%2Fauth%2Fcloud-platform&response_type=code&state=84724512&redirect_uri=http%3A%2F%2Flocalhost%3A9005
[info] 
[info] Waiting for authentication...
[debug] [2021-03-20T17:25:22.520Z] Error: spawn cmd ENOENT
    at Process.ChildProcess._handle.onexit (internal/child_process.js:269:19)
    at onErrorNT (internal/child_process.js:465:16)
    at processTicksAndRejections (internal/process/task_queues.js:80:21)
[error] 
[error] Error: An unexpected error has occurred.
